<?xml version="1.0" encoding="UTF-8"?>
<testng-results ignored="0" total="1" passed="1" failed="0" skipped="0">
  <reporter-output>
  </reporter-output>
  <suite started-at="2023-03-24T03:57:57Z" name="Suite" finished-at="2023-03-24T03:57:59Z" duration-ms="2221">
    <groups>
    </groups>
    <test started-at="2023-03-24T03:57:57Z" name="Test" finished-at="2023-03-24T03:57:59Z" duration-ms="2221">
      <class name="testcases.mytheresa.NewUserJourney">
        <test-method signature="accountCreate()[pri:0, instance:testcases.mytheresa.NewUserJourney@17f7cd29]" started-at="2023-03-24T03:57:57Z" name="accountCreate" finished-at="2023-03-24T03:57:59Z" duration-ms="2208" status="PASS">
          <reporter-output>
          </reporter-output>
        </test-method> <!-- accountCreate -->
      </class> <!-- testcases.mytheresa.NewUserJourney -->
    </test> <!-- Test -->
  </suite> <!-- Suite -->
</testng-results>
